Getting Hash: QmQsr44H17YPpZxtLuvBDXjsTtH2nL9jVBLq3bJoJDqT6k
Cache Path: /volume1/web/wordpress/wp-content/plugins/ipfs-bridge/cache/5/
CachePath Exsists
POST STATUS: publish Post Type: page
Saving Page to Disk: https://www.jefflubbers.com/ Post ID: 5 Perma link: https://www.jefflubbers.com/
Getting Hash: QmQsr44H17YPpZxtLuvBDXjsTtH2nL9jVBLq3bJoJDqT6k
FOUND URL: "http://gmpg.org/xfn/11"
FOUND URL: 'https://fonts.gstatic.com'
FOUND URL: "https://www.jefflubbers.com/feed/"
FOUND URL: "https://www.jefflubbers.com/comments/feed/"
FOUND URL: "https:\/\/s.w.org\/images\/core\/emoji\/2.4\/72x72\/"
FOUND URL: "https:\/\/s.w.org\/images\/core\/emoji\/2.4\/svg\/"
FOUND URL: "https:\/\/www.jefflubbers.com\/wp-includes\/js\/wp-emoji-release.min.js"
FOUND URL: 'https://www.jefflubbers.com/wp-content/plugins/bbpress/templates/default/css/bbpress.css'
FOUND URL: 'https://fonts.googleapis.com/css?family=Libre+Franklin%3A300%2C300i%2C400%2C400i%2C600%2C600i%2C800%2C800i&#038;subset=latin%2Clatin-ext'
FOUND URL: 'https://www.jefflubbers.com/wp-content/themes/twentyseventeen/style.css'
FOUND URL: 'https://www.jefflubbers.com/wp-content/themes/twentyseventeen/assets/css/ie8.css'
FOUND URL: 'https://www.jefflubbers.com/wp-content/plugins/elementor/assets/lib/eicons/css/elementor-icons.min.css'
FOUND URL: 'https://www.jefflubbers.com/wp-content/plugins/elementor/assets/lib/font-awesome/css/font-awesome.min.css'
FOUND URL: 'https://www.jefflubbers.com/wp-content/plugins/elementor/assets/lib/animations/animations.min.css'
FOUND URL: 'https://www.jefflubbers.com/wp-content/plugins/elementor/assets/css/frontend.min.css'
FOUND URL: 'https://www.jefflubbers.com/wp-content/uploads/elementor/css/global.css'
FOUND URL: 'https://www.jefflubbers.com/wp-content/uploads/elementor/css/post-5.css'
FOUND URL: 'https://www.jefflubbers.com/wp-includes/js/jquery/jquery.js'
FOUND URL: 'https://www.jefflubbers.com/wp-includes/js/jquery/jquery-migrate.min.js'
FOUND URL: 'https://www.jefflubbers.com/wp-content/plugins/wp-cart-for-digital-products/lib/jquery.external.lib.js'
FOUND URL: 'https://www.jefflubbers.com/wp-content/plugins/wp-cart-for-digital-products/lib/jquery.lightbox-0.5.pack.js'
FOUND URL: 'https://www.jefflubbers.com/wp-content/themes/twentyseventeen/assets/js/html5.js'
FOUND URL: 'https://api.w.org/'
FOUND URL: 'https://www.jefflubbers.com/wp-json/'
FOUND URL: "https://www.jefflubbers.com/xmlrpc.php?rsd"
FOUND URL: "https://www.jefflubbers.com/wp-includes/wlwmanifest.xml"
FOUND URL: "https://www.jefflubbers.com/"
FOUND URL: 'https://www.jefflubbers.com/'
FOUND URL: "https://www.jefflubbers.com/wp-json/oembed/1.0/embed?url=https%3A%2F%2Fwww.jefflubbers.com%2F"
FOUND URL: "https://www.jefflubbers.com/wp-json/oembed/1.0/embed?url=https%3A%2F%2Fwww.jefflubbers.com%2F&#038;format=xml"
FOUND URL: "https://www.jefflubbers.com/wp-content/plugins/wp-cart-for-digital-products/wp_eStore_style.css?ver=8.0.5"
FOUND URL: "https://www.jefflubbers.com/wp-content/plugins/wp-cart-for-digital-products/wp_eStore_custom_style.css"
FOUND URL:  http://www.tipsandtricks-hq.com/wordpress-estore-plugin-complete-solution-to-sell-digital-products-from-your-wordpress-blog-securely-1059/ 
FOUND URL: "https://www.jefflubbers.com/wp-content/plugins/wp-cart-for-digital-products"
FOUND URL: "https://www.jefflubbers.com/wp-content/plugins/wp-cart-for-digital-products/lib/eStore_read_form.js?ver=8.0.5"
FOUND URL: "https://www.jefflubbers.com/wp-content/uploads/2018/04/cropped-JL-Above-2Gear-WhiteLetter-2-1-32x32.png"
FOUND URL: "https://www.jefflubbers.com/wp-content/uploads/2018/04/cropped-JL-Above-2Gear-WhiteLetter-2-1-192x192.png"
FOUND URL: "https://www.jefflubbers.com/wp-content/uploads/2018/04/cropped-JL-Above-2Gear-WhiteLetter-2-1-180x180.png"
FOUND URL: "https://www.jefflubbers.com/wp-content/uploads/2018/04/cropped-JL-Above-2Gear-WhiteLetter-2-1-270x270.png"
FOUND URL: "https://www.jefflubbers.com/wp-content/uploads/2018/04/cropped-network-3148727.jpg"
FOUND URL: "https://www.jefflubbers.com/wp-content/uploads/2018/04/cropped-network-3148727.jpg 
FOUND URL:  https://www.jefflubbers.com/wp-content/uploads/2018/04/cropped-network-3148727-300x134.jpg 
FOUND URL:  https://www.jefflubbers.com/wp-content/uploads/2018/04/cropped-network-3148727-768x344.jpg 
FOUND URL:  https://www.jefflubbers.com/wp-content/uploads/2018/04/cropped-network-3148727-1024x459.jpg 
FOUND URL: "https://www.jefflubbers.com/"
FOUND URL: "https://www.jefflubbers.com/wp-content/uploads/2018/04/cropped-JL-Above-2Gear-WhiteLetter-2.png"
FOUND URL: "https://www.jefflubbers.com/wp-content/uploads/2018/04/cropped-JL-Above-2Gear-WhiteLetter-2.png 
FOUND URL:  https://www.jefflubbers.com/wp-content/uploads/2018/04/cropped-JL-Above-2Gear-WhiteLetter-2-150x150.png 
FOUND URL:  https://www.jefflubbers.com/wp-content/uploads/2018/04/cropped-JL-Above-2Gear-WhiteLetter-2-100x100.png 
FOUND URL: "https://www.jefflubbers.com/"
FOUND URL: "https://www.jefflubbers.com/"
FOUND URL: "https://www.jefflubbers.com/home/interplanetary-file-system/"
FOUND URL: "https://www.jefflubbers.com/ipfs-wordpress/"
FOUND URL: "https://www.jefflubbers.com/wp-content/uploads/businessman-3210932.jpg"
FOUND URL: "https://www.jefflubbers.com/wp-content/uploads/businessman-3210932.jpg 
FOUND URL:  https://www.jefflubbers.com/wp-content/uploads/businessman-3210932-300x125.jpg 
FOUND URL:  https://www.jefflubbers.com/wp-content/uploads/businessman-3210932-768x320.jpg 
FOUND URL:  https://www.jefflubbers.com/wp-content/uploads/businessman-3210932-1024x427.jpg 
FOUND URL: "https://www.jefflubbers.com/wp-content/uploads/monitor-1307227.jpg"
FOUND URL: "https://www.jefflubbers.com/wp-content/uploads/monitor-1307227.jpg 
FOUND URL:  https://www.jefflubbers.com/wp-content/uploads/monitor-1307227-300x212.jpg 
FOUND URL:  https://www.jefflubbers.com/wp-content/uploads/monitor-1307227-768x542.jpg 
FOUND URL:  https://www.jefflubbers.com/wp-content/uploads/monitor-1307227-1024x723.jpg 
FOUND URL: "https://www.jefflubbers.com/wp-content/uploads/code-1839406.jpg"
FOUND URL: "https://www.jefflubbers.com/wp-content/uploads/code-1839406.jpg 
FOUND URL:  https://www.jefflubbers.com/wp-content/uploads/code-1839406-300x200.jpg 
FOUND URL:  https://www.jefflubbers.com/wp-content/uploads/code-1839406-768x513.jpg 
FOUND URL:  https://www.jefflubbers.com/wp-content/uploads/code-1839406-1024x684.jpg 
FOUND URL: "https://www.jefflubbers.com/interplanetary-file-system/"
FOUND URL: "https://www.jefflubbers.com/interplanetary-file-system/"
FOUND URL: "https://www.jefflubbers.com/ipfs-wordpress/"
FOUND URL: "https://www.jefflubbers.com/ipfs-wordpress/"
FOUND URL: "https://www.jefflubbers.com/wp-content/uploads/2018/04/JL-Above-2Gear-WhiteLetter-2.png"
FOUND URL: "https://www.jefflubbers.com/wp-content/uploads/2018/04/JL-Above-2Gear-WhiteLetter-2.png 
FOUND URL:  https://www.jefflubbers.com/wp-content/uploads/2018/04/JL-Above-2Gear-WhiteLetter-2-150x150.png 
FOUND URL:  https://www.jefflubbers.com/wp-content/uploads/2018/04/JL-Above-2Gear-WhiteLetter-2-300x300.png 
FOUND URL:  https://www.jefflubbers.com/wp-content/uploads/2018/04/JL-Above-2Gear-WhiteLetter-2-768x768.png 
FOUND URL:  https://www.jefflubbers.com/wp-content/uploads/2018/04/JL-Above-2Gear-WhiteLetter-2-1024x1024.png 
FOUND URL: "https://carpentry.jefflubbers.com/"
FOUND URL: "https://carpentry.jefflubbers.com/"
FOUND URL: "https://music.jefflubbers.com"
FOUND URL: "https://music.jefflubbers.com"
FOUND URL: 'https://www.jefflubbers.com/wp-content/plugins/ipfs-bridge/images/logo.png'
FOUND URL: 'https://gateway.ipfs.io/ipfs/QmQsr44H17YPpZxtLuvBDXjsTtH2nL9jVBLq3bJoJDqT6k'
FOUND URL: 'https://www.jefflubbers.com/wp-content/plugins/ipfs-bridge/images/logo.png'
FOUND URL: 'https://gateway.ipfs.io/ipns/QmQrnrBzCJ7CiL5FKqgXHQf8rCdU2vZEhJAYb8Yr2u27n9'
FOUND URL: "https://wordpress.org/"
FOUND URL: 'https://www.jefflubbers.com/wp-content/plugins/wp-cart-for-digital-products/images/lightbox/lightbox-ico-loading.gif'
FOUND URL: 'https://www.jefflubbers.com/wp-content/plugins/wp-cart-for-digital-products/images/lightbox/lightbox-btn-close.gif'
FOUND URL: 'https://www.jefflubbers.com/wp-content/plugins/wp-cart-for-digital-products/images/lightbox/lightbox-btn-prev.gif'
FOUND URL: 'https://www.jefflubbers.com/wp-content/plugins/wp-cart-for-digital-products/images/lightbox/lightbox-btn-next.gif'
FOUND URL: 'https://www.jefflubbers.com/wp-content/plugins/wp-cart-for-digital-products/images/lightbox/lightbox-blank.gif'
FOUND URL: 'https://fonts.googleapis.com/css?family=Roboto%3A100%2C100italic%2C200%2C200italic%2C300%2C300italic%2C400%2C400italic%2C500%2C500italic%2C600%2C600italic%2C700%2C700italic%2C800%2C800italic%2C900%2C900italic%7CRoboto+Slab%3A100%2C100italic%2C200%2C200italic%2C300%2C300italic%2C400%2C400italic%2C500%2C500italic%2C600%2C600italic%2C700%2C700italic%2C800%2C800italic%2C900%2C900italic&#038;ver=6229'
FOUND URL: 'https://www.jefflubbers.com/wp-content/plugins/bbpress/templates/default/js/editor.js'
FOUND URL: 'https://www.jefflubbers.com/wp-content/themes/twentyseventeen/assets/js/skip-link-focus-fix.js'
FOUND URL: 'https://www.jefflubbers.com/wp-content/themes/twentyseventeen/assets/js/navigation.js'
FOUND URL: 'https://www.jefflubbers.com/wp-content/themes/twentyseventeen/assets/js/global.js'
FOUND URL: 'https://www.jefflubbers.com/wp-content/themes/twentyseventeen/assets/js/jquery.scrollTo.js'
FOUND URL: 'https://www.jefflubbers.com/wp-includes/js/wp-embed.min.js'
FOUND URL: 'https://www.jefflubbers.com/wp-includes/js/jquery/ui/position.min.js'
FOUND URL: 'https://www.jefflubbers.com/wp-content/plugins/elementor/assets/lib/dialog/dialog.min.js'
FOUND URL: 'https://www.jefflubbers.com/wp-content/plugins/elementor/assets/lib/waypoints/waypoints.min.js'
FOUND URL: 'https://www.jefflubbers.com/wp-content/plugins/elementor/assets/lib/swiper/swiper.jquery.min.js'
FOUND URL: "https:\/\/www.jefflubbers.com\/wp-content\/plugins\/elementor\/assets\/"
FOUND URL: 'https://www.jefflubbers.com/wp-content/plugins/elementor/assets/js/frontend.min.js'
96 Urls Found
Removing Url: "http://gmpg.org/xfn/11"
Removing Url: 'https://fonts.gstatic.com'
Removing Url: "https:\/\/s.w.org\/images\/core\/emoji\/2.4\/72x72\/"
Removing Url: "https:\/\/s.w.org\/images\/core\/emoji\/2.4\/svg\/"
Removing Url: 'https://api.w.org/'
Removing Url:  http://www.tipsandtricks-hq.com/wordpress-estore-plugin-complete-solution-to-sell-digital-products-from-your-wordpress-blog-securely-1059/ 
Removing Url: "https://carpentry.jefflubbers.com/"
Removing Url: "https://music.jefflubbers.com"
Removing Url: 'https://gateway.ipfs.io/ipns/QmQrnrBzCJ7CiL5FKqgXHQf8rCdU2vZEhJAYb8Yr2u27n9'
Removing Url: "https://wordpress.org/"
Removing Url: "https:\/\/www.jefflubbers.com\/wp-content\/plugins\/elementor\/assets\/"
85 Urls Found
Getting Hash: QmQsr44H17YPpZxtLuvBDXjsTtH2nL9jVBLq3bJoJDqT6k
Getting Hash: QmQsr44H17YPpZxtLuvBDXjsTtH2nL9jVBLq3bJoJDqT6k
Getting Hash: Qmd9kvQhWkuPafUsh352No5MxEuN1sQAydbDA8v2dbDGz6
Getting Hash: QmRj7VxUre6iwoL8zcTon2yQ8NEXfcks32Ee7AKDRH2iKx
Getting Hash: Qmd9kvQhWkuPafUsh352No5MxEuN1sQAydbDA8v2dbDGz6
Replacing URL: "https://www.jefflubbers.com/feed/" , "./2"
Replacing URL: "https://www.jefflubbers.com/comments/feed/" , "./3"
Replacing URL: "https:\/\/www.jefflubbers.com\/wp-includes\/js\/wp-emoji-release.min.js" , "./6.js"
Replacing URL: 'https://www.jefflubbers.com/wp-content/plugins/bbpress/templates/default/css/bbpress.css' , './7.css'
Replacing URL: 'https://fonts.googleapis.com/css?family=Libre+Franklin%3A300%2C300i%2C400%2C400i%2C600%2C600i%2C800%2C800i&#038;subset=latin%2Clatin-ext' , './8'
Replacing URL: 'https://www.jefflubbers.com/wp-content/themes/twentyseventeen/style.css' , './9.css'
Replacing URL: 'https://www.jefflubbers.com/wp-content/themes/twentyseventeen/assets/css/ie8.css' , './10.css'
Replacing URL: 'https://www.jefflubbers.com/wp-content/plugins/elementor/assets/lib/eicons/css/elementor-icons.min.css' , './11.css'
Replacing URL: 'https://www.jefflubbers.com/wp-content/plugins/elementor/assets/lib/font-awesome/css/font-awesome.min.css' , './12.css'
Replacing URL: 'https://www.jefflubbers.com/wp-content/plugins/elementor/assets/lib/animations/animations.min.css' , './13.css'
Replacing URL: 'https://www.jefflubbers.com/wp-content/plugins/elementor/assets/css/frontend.min.css' , './14.css'
Replacing URL: 'https://www.jefflubbers.com/wp-content/uploads/elementor/css/global.css' , './15.css'
Replacing URL: 'https://www.jefflubbers.com/wp-content/uploads/elementor/css/post-5.css' , './16.css'
Replacing URL: 'https://www.jefflubbers.com/wp-includes/js/jquery/jquery.js' , './17.js'
Replacing URL: 'https://www.jefflubbers.com/wp-includes/js/jquery/jquery-migrate.min.js' , './18.js'
Replacing URL: 'https://www.jefflubbers.com/wp-content/plugins/wp-cart-for-digital-products/lib/jquery.external.lib.js' , './19.js'
Replacing URL: 'https://www.jefflubbers.com/wp-content/plugins/wp-cart-for-digital-products/lib/jquery.lightbox-0.5.pack.js' , './20.js'
Replacing URL: 'https://www.jefflubbers.com/wp-content/themes/twentyseventeen/assets/js/html5.js' , './21.js'
Replacing URL: 'https://www.jefflubbers.com/wp-json/' , './23'
Replacing URL: "https://www.jefflubbers.com/xmlrpc.php?rsd" , "./24.php"
Replacing URL: "https://www.jefflubbers.com/wp-includes/wlwmanifest.xml" , "./25.xml"
Getting Hash: QmQsr44H17YPpZxtLuvBDXjsTtH2nL9jVBLq3bJoJDqT6k
Getting Hash: QmQsr44H17YPpZxtLuvBDXjsTtH2nL9jVBLq3bJoJDqT6k
Replacing URL: "https://www.jefflubbers.com/" , "javascript:window.location.reload(true)"
Getting Hash: QmQsr44H17YPpZxtLuvBDXjsTtH2nL9jVBLq3bJoJDqT6k
Getting Hash: QmQsr44H17YPpZxtLuvBDXjsTtH2nL9jVBLq3bJoJDqT6k
Replacing URL: 'https://www.jefflubbers.com/' , 'javascript:window.location.reload(true)'
Replacing URL: "https://www.jefflubbers.com/wp-json/oembed/1.0/embed?url=https%3A%2F%2Fwww.jefflubbers.com%2F" , "./28"
Replacing URL: "https://www.jefflubbers.com/wp-json/oembed/1.0/embed?url=https%3A%2F%2Fwww.jefflubbers.com%2F&#038;format=xml" , "./29"
Replacing URL: "https://www.jefflubbers.com/wp-content/plugins/wp-cart-for-digital-products/wp_eStore_style.css?ver=8.0.5" , "./30.css"
Replacing URL: "https://www.jefflubbers.com/wp-content/plugins/wp-cart-for-digital-products/wp_eStore_custom_style.css" , "./31.css"
Replacing URL: "https://www.jefflubbers.com/wp-content/plugins/wp-cart-for-digital-products" , "./33"
Replacing URL: "https://www.jefflubbers.com/wp-content/plugins/wp-cart-for-digital-products/lib/eStore_read_form.js?ver=8.0.5" , "./34.js"
Replacing URL: "https://www.jefflubbers.com/wp-content/uploads/2018/04/cropped-JL-Above-2Gear-WhiteLetter-2-1-32x32.png" , "./35.png"
Replacing URL: "https://www.jefflubbers.com/wp-content/uploads/2018/04/cropped-JL-Above-2Gear-WhiteLetter-2-1-192x192.png" , "./36.png"
Replacing URL: "https://www.jefflubbers.com/wp-content/uploads/2018/04/cropped-JL-Above-2Gear-WhiteLetter-2-1-180x180.png" , "./37.png"
Replacing URL: "https://www.jefflubbers.com/wp-content/uploads/2018/04/cropped-JL-Above-2Gear-WhiteLetter-2-1-270x270.png" , "./38.png"
Replacing URL: "https://www.jefflubbers.com/wp-content/uploads/2018/04/cropped-network-3148727.jpg" , "./39.jpg"
Replacing URL: "https://www.jefflubbers.com/wp-content/uploads/2018/04/cropped-network-3148727.jpg  , "./40.jpg 
Replacing URL:  https://www.jefflubbers.com/wp-content/uploads/2018/04/cropped-network-3148727-300x134.jpg  ,  ./41.jpg 
Replacing URL:  https://www.jefflubbers.com/wp-content/uploads/2018/04/cropped-network-3148727-768x344.jpg  ,  ./42.jpg 
Replacing URL:  https://www.jefflubbers.com/wp-content/uploads/2018/04/cropped-network-3148727-1024x459.jpg  ,  ./43.jpg 
Replacing URL: "https://www.jefflubbers.com/wp-content/uploads/2018/04/cropped-JL-Above-2Gear-WhiteLetter-2.png" , "./44.png"
Replacing URL: "https://www.jefflubbers.com/wp-content/uploads/2018/04/cropped-JL-Above-2Gear-WhiteLetter-2.png  , "./45.png 
Replacing URL:  https://www.jefflubbers.com/wp-content/uploads/2018/04/cropped-JL-Above-2Gear-WhiteLetter-2-150x150.png  ,  ./46.png 
Replacing URL:  https://www.jefflubbers.com/wp-content/uploads/2018/04/cropped-JL-Above-2Gear-WhiteLetter-2-100x100.png  ,  ./47.png 
Getting Hash: Qmd9kvQhWkuPafUsh352No5MxEuN1sQAydbDA8v2dbDGz6
Getting Hash: Qmd9kvQhWkuPafUsh352No5MxEuN1sQAydbDA8v2dbDGz6
Replacing URL: "https://www.jefflubbers.com/home/interplanetary-file-system/" , "https://gateway.ipfs.io/ipfs/Qmd9kvQhWkuPafUsh352No5MxEuN1sQAydbDA8v2dbDGz6"
Getting Hash: QmRj7VxUre6iwoL8zcTon2yQ8NEXfcks32Ee7AKDRH2iKx
Getting Hash: QmRj7VxUre6iwoL8zcTon2yQ8NEXfcks32Ee7AKDRH2iKx
Replacing URL: "https://www.jefflubbers.com/ipfs-wordpress/" , "https://gateway.ipfs.io/ipfs/QmRj7VxUre6iwoL8zcTon2yQ8NEXfcks32Ee7AKDRH2iKx"
Replacing URL: "https://www.jefflubbers.com/wp-content/uploads/businessman-3210932.jpg" , "./50.jpg"
Replacing URL: "https://www.jefflubbers.com/wp-content/uploads/businessman-3210932.jpg  , "./51.jpg 
Replacing URL:  https://www.jefflubbers.com/wp-content/uploads/businessman-3210932-300x125.jpg  ,  ./52.jpg 
Replacing URL:  https://www.jefflubbers.com/wp-content/uploads/businessman-3210932-768x320.jpg  ,  ./53.jpg 
Replacing URL:  https://www.jefflubbers.com/wp-content/uploads/businessman-3210932-1024x427.jpg  ,  ./54.jpg 
Replacing URL: "https://www.jefflubbers.com/wp-content/uploads/monitor-1307227.jpg" , "./55.jpg"
Replacing URL: "https://www.jefflubbers.com/wp-content/uploads/monitor-1307227.jpg  , "./56.jpg 
Replacing URL:  https://www.jefflubbers.com/wp-content/uploads/monitor-1307227-300x212.jpg  ,  ./57.jpg 
Replacing URL:  https://www.jefflubbers.com/wp-content/uploads/monitor-1307227-768x542.jpg  ,  ./58.jpg 
Replacing URL:  https://www.jefflubbers.com/wp-content/uploads/monitor-1307227-1024x723.jpg  ,  ./59.jpg 
Replacing URL: "https://www.jefflubbers.com/wp-content/uploads/code-1839406.jpg" , "./60.jpg"
Replacing URL: "https://www.jefflubbers.com/wp-content/uploads/code-1839406.jpg  , "./61.jpg 
Replacing URL:  https://www.jefflubbers.com/wp-content/uploads/code-1839406-300x200.jpg  ,  ./62.jpg 
Replacing URL:  https://www.jefflubbers.com/wp-content/uploads/code-1839406-768x513.jpg  ,  ./63.jpg 
Replacing URL:  https://www.jefflubbers.com/wp-content/uploads/code-1839406-1024x684.jpg  ,  ./64.jpg 
Getting Hash: Qmd9kvQhWkuPafUsh352No5MxEuN1sQAydbDA8v2dbDGz6
Replacing URL: "https://www.jefflubbers.com/interplanetary-file-system/" , "./65"
Replacing URL: "https://www.jefflubbers.com/wp-content/uploads/2018/04/JL-Above-2Gear-WhiteLetter-2.png" , "./66.png"
Replacing URL: "https://www.jefflubbers.com/wp-content/uploads/2018/04/JL-Above-2Gear-WhiteLetter-2.png  , "./67.png 
Replacing URL:  https://www.jefflubbers.com/wp-content/uploads/2018/04/JL-Above-2Gear-WhiteLetter-2-150x150.png  ,  ./68.png 
Replacing URL:  https://www.jefflubbers.com/wp-content/uploads/2018/04/JL-Above-2Gear-WhiteLetter-2-300x300.png  ,  ./69.png 
Replacing URL:  https://www.jefflubbers.com/wp-content/uploads/2018/04/JL-Above-2Gear-WhiteLetter-2-768x768.png  ,  ./70.png 
Replacing URL:  https://www.jefflubbers.com/wp-content/uploads/2018/04/JL-Above-2Gear-WhiteLetter-2-1024x1024.png  ,  ./71.png 
Replacing URL: 'https://www.jefflubbers.com/wp-content/plugins/ipfs-bridge/images/logo.png' , './74.png'
Replacing URL: 'https://gateway.ipfs.io/ipfs/QmQsr44H17YPpZxtLuvBDXjsTtH2nL9jVBLq3bJoJDqT6k' , https://gateway.ipfs.io/ipfs/QmQsr44H17YPpZxtLuvBDXjsTtH2nL9jVBLq3bJoJDqT6k
Replacing URL: 'https://www.jefflubbers.com/wp-content/plugins/wp-cart-for-digital-products/images/lightbox/lightbox-ico-loading.gif' , './78'
Replacing URL: 'https://www.jefflubbers.com/wp-content/plugins/wp-cart-for-digital-products/images/lightbox/lightbox-btn-close.gif' , './79'
Replacing URL: 'https://www.jefflubbers.com/wp-content/plugins/wp-cart-for-digital-products/images/lightbox/lightbox-btn-prev.gif' , './80'
Replacing URL: 'https://www.jefflubbers.com/wp-content/plugins/wp-cart-for-digital-products/images/lightbox/lightbox-btn-next.gif' , './81'
Replacing URL: 'https://www.jefflubbers.com/wp-content/plugins/wp-cart-for-digital-products/images/lightbox/lightbox-blank.gif' , './82'
Replacing URL: 'https://fonts.googleapis.com/css?family=Roboto%3A100%2C100italic%2C200%2C200italic%2C300%2C300italic%2C400%2C400italic%2C500%2C500italic%2C600%2C600italic%2C700%2C700italic%2C800%2C800italic%2C900%2C900italic%7CRoboto+Slab%3A100%2C100italic%2C200%2C200italic%2C300%2C300italic%2C400%2C400italic%2C500%2C500italic%2C600%2C600italic%2C700%2C700italic%2C800%2C800italic%2C900%2C900italic&#038;ver=6229' , './83'
Replacing URL: 'https://www.jefflubbers.com/wp-content/plugins/bbpress/templates/default/js/editor.js' , './84.js'
Replacing URL: 'https://www.jefflubbers.com/wp-content/themes/twentyseventeen/assets/js/skip-link-focus-fix.js' , './85.js'
Replacing URL: 'https://www.jefflubbers.com/wp-content/themes/twentyseventeen/assets/js/navigation.js' , './86.js'
Replacing URL: 'https://www.jefflubbers.com/wp-content/themes/twentyseventeen/assets/js/global.js' , './87.js'
Replacing URL: 'https://www.jefflubbers.com/wp-content/themes/twentyseventeen/assets/js/jquery.scrollTo.js' , './88.js'
Replacing URL: 'https://www.jefflubbers.com/wp-includes/js/wp-embed.min.js' , './89.js'
Replacing URL: 'https://www.jefflubbers.com/wp-includes/js/jquery/ui/position.min.js' , './90.js'
Replacing URL: 'https://www.jefflubbers.com/wp-content/plugins/elementor/assets/lib/dialog/dialog.min.js' , './91.js'
Replacing URL: 'https://www.jefflubbers.com/wp-content/plugins/elementor/assets/lib/waypoints/waypoints.min.js' , './92.js'
Replacing URL: 'https://www.jefflubbers.com/wp-content/plugins/elementor/assets/lib/swiper/swiper.jquery.min.js' , './93.js'
Replacing URL: 'https://www.jefflubbers.com/wp-content/plugins/elementor/assets/lib/swiper/swiper.jquery.min.js' , './93.js'
count of FIles: 86
["\/volume1\/web\/wordpress\/wp-content\/plugins\/ipfs-bridge\/cache\/5\/index.html","\/volume1\/web\/wordpress\/wp-content\/plugins\/ipfs-bridge\/cache\/5\/2","\/volume1\/web\/wordpress\/wp-content\/plugins\/ipfs-bridge\/cache\/5\/3","\/volume1\/web\/wordpress\/wp-content\/plugins\/ipfs-bridge\/cache\/5\/6.js","\/volume1\/web\/wordpress\/wp-content\/plugins\/ipfs-bridge\/cache\/5\/7.css","\/volume1\/web\/wordpress\/wp-content\/plugins\/ipfs-bridge\/cache\/5\/8","\/volume1\/web\/wordpress\/wp-content\/plugins\/ipfs-bridge\/cache\/5\/9.css","\/volume1\/web\/wordpress\/wp-content\/plugins\/ipfs-bridge\/cache\/5\/10.css","\/volume1\/web\/wordpress\/wp-content\/plugins\/ipfs-bridge\/cache\/5\/11.css","\/volume1\/web\/wordpress\/wp-content\/plugins\/ipfs-bridge\/cache\/5\/12.css","\/volume1\/web\/wordpress\/wp-content\/plugins\/ipfs-bridge\/cache\/5\/13.css","\/volume1\/web\/wordpress\/wp-content\/plugins\/ipfs-bridge\/cache\/5\/14.css","\/volume1\/web\/wordpress\/wp-content\/plugins\/ipfs-bridge\/cache\/5\/15.css","\/volume1\/web\/wordpress\/wp-content\/plugins\/ipfs-bridge\/cache\/5\/16.css","\/volume1\/web\/wordpress\/wp-content\/plugins\/ipfs-bridge\/cache\/5\/17.js","\/volume1\/web\/wordpress\/wp-content\/plugins\/ipfs-bridge\/cache\/5\/18.js","\/volume1\/web\/wordpress\/wp-content\/plugins\/ipfs-bridge\/cache\/5\/19.js","\/volume1\/web\/wordpress\/wp-content\/plugins\/ipfs-bridge\/cache\/5\/20.js","\/volume1\/web\/wordpress\/wp-content\/plugins\/ipfs-bridge\/cache\/5\/21.js","\/volume1\/web\/wordpress\/wp-content\/plugins\/ipfs-bridge\/cache\/5\/23","\/volume1\/web\/wordpress\/wp-content\/plugins\/ipfs-bridge\/cache\/5\/24.php","\/volume1\/web\/wordpress\/wp-content\/plugins\/ipfs-bridge\/cache\/5\/25.xml","\/volume1\/web\/wordpress\/wp-content\/plugins\/ipfs-bridge\/cache\/5\/26","\/volume1\/web\/wordpress\/wp-content\/plugins\/ipfs-bridge\/cache\/5\/27","\/volume1\/web\/wordpress\/wp-content\/plugins\/ipfs-bridge\/cache\/5\/28","\/volume1\/web\/wordpress\/wp-content\/plugins\/ipfs-bridge\/cache\/5\/29","\/volume1\/web\/wordpress\/wp-content\/plugins\/ipfs-bridge\/cache\/5\/30.css","\/volume1\/web\/wordpress\/wp-content\/plugins\/ipfs-bridge\/cache\/5\/31.css","\/volume1\/web\/wordpress\/wp-content\/plugins\/ipfs-bridge\/cache\/5\/33","\/volume1\/web\/wordpress\/wp-content\/plugins\/ipfs-bridge\/cache\/5\/34.js","\/volume1\/web\/wordpress\/wp-content\/plugins\/ipfs-bridge\/cache\/5\/35.png","\/volume1\/web\/wordpress\/wp-content\/plugins\/ipfs-bridge\/cache\/5\/36.png","\/volume1\/web\/wordpress\/wp-content\/plugins\/ipfs-bridge\/cache\/5\/37.png","\/volume1\/web\/wordpress\/wp-content\/plugins\/ipfs-bridge\/cache\/5\/38.png","\/volume1\/web\/wordpress\/wp-content\/plugins\/ipfs-bridge\/cache\/5\/39.jpg","\/volume1\/web\/wordpress\/wp-content\/plugins\/ipfs-bridge\/cache\/5\/40.jpg","\/volume1\/web\/wordpress\/wp-content\/plugins\/ipfs-bridge\/cache\/5\/41.jpg","\/volume1\/web\/wordpress\/wp-content\/plugins\/ipfs-bridge\/cache\/5\/42.jpg","\/volume1\/web\/wordpress\/wp-content\/plugins\/ipfs-bridge\/cache\/5\/43.jpg","\/volume1\/web\/wordpress\/wp-content\/plugins\/ipfs-bridge\/cache\/5\/44.png","\/volume1\/web\/wordpress\/wp-content\/plugins\/ipfs-bridge\/cache\/5\/45.png","\/volume1\/web\/wordpress\/wp-content\/plugins\/ipfs-bridge\/cache\/5\/46.png","\/volume1\/web\/wordpress\/wp-content\/plugins\/ipfs-bridge\/cache\/5\/47.png","\/volume1\/web\/wordpress\/wp-content\/plugins\/ipfs-bridge\/cache\/5\/48","\/volume1\/web\/wordpress\/wp-content\/plugins\/ipfs-bridge\/cache\/5\/49","\/volume1\/web\/wordpress\/wp-content\/plugins\/ipfs-bridge\/cache\/5\/50.jpg","\/volume1\/web\/wordpress\/wp-content\/plugins\/ipfs-bridge\/cache\/5\/51.jpg","\/volume1\/web\/wordpress\/wp-content\/plugins\/ipfs-bridge\/cache\/5\/52.jpg","\/volume1\/web\/wordpress\/wp-content\/plugins\/ipfs-bridge\/cache\/5\/53.jpg","\/volume1\/web\/wordpress\/wp-content\/plugins\/ipfs-bridge\/cache\/5\/54.jpg","\/volume1\/web\/wordpress\/wp-content\/plugins\/ipfs-bridge\/cache\/5\/55.jpg","\/volume1\/web\/wordpress\/wp-content\/plugins\/ipfs-bridge\/cache\/5\/56.jpg","\/volume1\/web\/wordpress\/wp-content\/plugins\/ipfs-bridge\/cache\/5\/57.jpg","\/volume1\/web\/wordpress\/wp-content\/plugins\/ipfs-bridge\/cache\/5\/58.jpg","\/volume1\/web\/wordpress\/wp-content\/plugins\/ipfs-bridge\/cache\/5\/59.jpg","\/volume1\/web\/wordpress\/wp-content\/plugins\/ipfs-bridge\/cache\/5\/60.jpg","\/volume1\/web\/wordpress\/wp-content\/plugins\/ipfs-bridge\/cache\/5\/61.jpg","\/volume1\/web\/wordpress\/wp-content\/plugins\/ipfs-bridge\/cache\/5\/62.jpg","\/volume1\/web\/wordpress\/wp-content\/plugins\/ipfs-bridge\/cache\/5\/63.jpg","\/volume1\/web\/wordpress\/wp-content\/plugins\/ipfs-bridge\/cache\/5\/64.jpg","\/volume1\/web\/wordpress\/wp-content\/plugins\/ipfs-bridge\/cache\/5\/65","\/volume1\/web\/wordpress\/wp-content\/plugins\/ipfs-bridge\/cache\/5\/66.png","\/volume1\/web\/wordpress\/wp-content\/plugins\/ipfs-bridge\/cache\/5\/67.png","\/volume1\/web\/wordpress\/wp-content\/plugins\/ipfs-bridge\/cache\/5\/68.png","\/volume1\/web\/wordpress\/wp-content\/plugins\/ipfs-bridge\/cache\/5\/69.png","\/volume1\/web\/wordpress\/wp-content\/plugins\/ipfs-bridge\/cache\/5\/70.png","\/volume1\/web\/wordpress\/wp-content\/plugins\/ipfs-bridge\/cache\/5\/71.png","\/volume1\/web\/wordpress\/wp-content\/plugins\/ipfs-bridge\/cache\/5\/74.png","\/volume1\/web\/wordpress\/wp-content\/plugins\/ipfs-bridge\/cache\/5\/75","\/volume1\/web\/wordpress\/wp-content\/plugins\/ipfs-bridge\/cache\/5\/78","\/volume1\/web\/wordpress\/wp-content\/plugins\/ipfs-bridge\/cache\/5\/79","\/volume1\/web\/wordpress\/wp-content\/plugins\/ipfs-bridge\/cache\/5\/80","\/volume1\/web\/wordpress\/wp-content\/plugins\/ipfs-bridge\/cache\/5\/81","\/volume1\/web\/wordpress\/wp-content\/plugins\/ipfs-bridge\/cache\/5\/82","\/volume1\/web\/wordpress\/wp-content\/plugins\/ipfs-bridge\/cache\/5\/83","\/volume1\/web\/wordpress\/wp-content\/plugins\/ipfs-bridge\/cache\/5\/84.js","\/volume1\/web\/wordpress\/wp-content\/plugins\/ipfs-bridge\/cache\/5\/85.js","\/volume1\/web\/wordpress\/wp-content\/plugins\/ipfs-bridge\/cache\/5\/86.js","\/volume1\/web\/wordpress\/wp-content\/plugins\/ipfs-bridge\/cache\/5\/87.js","\/volume1\/web\/wordpress\/wp-content\/plugins\/ipfs-bridge\/cache\/5\/88.js","\/volume1\/web\/wordpress\/wp-content\/plugins\/ipfs-bridge\/cache\/5\/89.js","\/volume1\/web\/wordpress\/wp-content\/plugins\/ipfs-bridge\/cache\/5\/90.js","\/volume1\/web\/wordpress\/wp-content\/plugins\/ipfs-bridge\/cache\/5\/91.js","\/volume1\/web\/wordpress\/wp-content\/plugins\/ipfs-bridge\/cache\/5\/92.js","\/volume1\/web\/wordpress\/wp-content\/plugins\/ipfs-bridge\/cache\/5\/93.js","\/volume1\/web\/wordpress\/wp-content\/plugins\/ipfs-bridge\/cache\/5\/93.js"]

IP: localhost
port: 50003
QueryString: ?recursive=1&pin=1&w=1
APIPath: /api/v0/add
FilePath: Array
Precurl URL: http://localhost:50003/api/v0/add?recursive=1&pin=1&w=1
http://localhost:50003/api/v0/add?recursive=1&pin=1&w=1
Curl URL:http://localhost:50003/api/v0/add?recursive=1&pin=1&w=1
Output: s:7533:"{"Name":"index.html","Hash":"QmbVaBTdS1v2zBpYieSYTovMbAXdkuyye9N3SuYQUwPESK","Size":"70164"}
{"Name":"2","Hash":"QmQFJCZmQ29M3DV2s7hL4y3vRsHaMkENfhVfFhGGE4mPpK","Size":"1922"}
{"Name":"3","Hash":"QmducVV4p6uucfnaeM4T3PhQS275B85mtPBsK1kmtUhdti","Size":"1620"}
{"Name":"6.js","Hash":"QmW5ZNcu5QuWTJKcDT5bJoENhNQhjYYBiPC87jUR4S7UHL","Size":"11732"}
{"Name":"7.css","Hash":"QmQrHhSX1QdmskpT5CT6rAuPYcpVbbq82uYdWdRjBv9mR1","Size":"29844"}
{"Name":"8","Hash":"QmRRyu5jHvwYNPjKFGzCeTRKj1PBeNUJfcvEJL6tVfFkQo","Size":"2224"}
{"Name":"9.css","Hash":"QmS97xEUtcT3WnYPwgFwfe3kJj7vgPi8dHcEM27oj9DdtN","Size":"83877"}
{"Name":"10.css","Hash":"QmaqYa7sCRUEXPf57f4BfVgwhShmyMK6KRpAUSfV3LcodF","Size":"3657"}
{"Name":"11.css","Hash":"QmQYjRUv5fuSP7jPqvofwQhayq8JqR6BUStEmYZYToL39z","Size":"9289"}
{"Name":"12.css","Hash":"QmPsUxV3Ystg1HUiRfqwrraGFjh5KEnMJywxwjEVXnMoBr","Size":"31014"}
{"Name":"13.css","Hash":"QmQum8Pg9hjy8diPKuZQpMysrfCG99CEk2RRcXrTbHZYVB","Size":"18482"}
{"Name":"14.css","Hash":"QmQqPcY2p64ZVXTVWQKoT8cwzfMziPK8rj7feRQ8ZbWEiH","Size":"77221"}
{"Name":"15.css","Hash":"QmXgdG98nmqRt1oMX3oZrGt2yAZr5CMBD43s4NniKB9nR2","Size":"4615"}
{"Name":"16.css","Hash":"QmPaaMdut6sSJh9TkfnahTJNMFh7rbCYq22PoV5eijNKsk","Size":"3780"}
{"Name":"17.js","Hash":"QmdYzRCSbrC2pfjsBoaehC191xynkwUUeAqswibBghSvCp","Size":"97198"}
{"Name":"18.js","Hash":"QmU1Vn4qTHW7sXtksR8nAEq8UckToLkXvo6D4TtiLnK9nN","Size":"10067"}
{"Name":"19.js","Hash":"QmV8LpZa3dbqte1o348DMQ4L7Ka7QSD5r45jnQBoByjCtG","Size":"2329"}
{"Name":"20.js","Hash":"QmaTd9ERR1vgz8mWAoZ1p4G9VM53oExNDohqdki5P5ghJY","Size":"7240"}
{"Name":"21.js","Hash":"QmdSrdGfQo2i4G9QRNSwNAXHwfWDGT6L5r7gB1YUVHzvvw","Size":"10341"}
{"Name":"23","Hash":"QmaHutFtbG9xeWuFCuH8mwHEKoFbvuAJcDHZqNzPBtcDoo","Size":"57250"}
{"Name":"24.php","Hash":"QmNWLMVGgPJce65gdamhQvqMZRcAXQUTA83NPAsBrRfMyC","Size":"865"}
{"Name":"25.xml","Hash":"QmQyYMcSDpWJB2Vvzf5btv3d9iTv8BpE6RzmRXp3Mo6cU9","Size":"1056"}
{"Name":"26","Hash":"QmQGo4XAofeEt9yhXDHsp3eRhZsZsaL9HA91btrbSJnEcG","Size":"76566"}
{"Name":"27","Hash":"QmbDWFh4oAyhgcYzEvSBfy6mUnaZQyn9bJ5wq2rn3BBiG5","Size":"76566"}
{"Name":"28","Hash":"QmcnUEBY87ZXhkZwsXnqKzpSDe18ZqFhnZhNLPDJZWWTX9","Size":"2239"}
{"Name":"29","Hash":"QmcnUEBY87ZXhkZwsXnqKzpSDe18ZqFhnZhNLPDJZWWTX9","Size":"2239"}
{"Name":"30.css","Hash":"QmbEvUe9XrNAyeywBZfMhmHUDHoZ15XZ467Ccg23LHvdEg","Size":"12373"}
{"Name":"31.css","Hash":"QmUHKMxspaeWFAHZyqSL4pVQf9BVTsR8BCKiwyDc672miD","Size":"202"}
{"Name":"33","Hash":"QmbFMke1KXqnYyBBWxB74N4c5SBnJMVAiMNRcGu6x1AwQH","Size":"6"}
{"Name":"34.js","Hash":"QmSZuGDFLvoYjmTWgfk4wd4pi7Cfs4GACgqPqaftpTk64w","Size":"10541"}
{"Name":"35.png","Hash":"QmQvKbDtYkcwwmjmPYBRvDjkBz7c86aB417BaUctf8W6rx","Size":"1484"}
{"Name":"36.png","Hash":"Qmf27edMbaKvZJ9LbXDp5TRuYMq6EmamyaVFwABeyFsNTi","Size":"16794"}
{"Name":"37.png","Hash":"QmeR6QhBoLjP991odnwwu9fbd8voaqGtSv7zZLWYUM7mTc","Size":"18462"}
{"Name":"38.png","Hash":"QmWXwCfaFgchNyMuBCvFzojXjupBz3cSAjm6NrGiCLmtka","Size":"35560"}
{"Name":"39.jpg","Hash":"QmRdKdv64FTJZ1fMNmZf7pKXgPyLCBh2oQMj3kPCk8anTX","Size":"230615"}
{"Name":"40.jpg","Hash":"QmRdKdv64FTJZ1fMNmZf7pKXgPyLCBh2oQMj3kPCk8anTX","Size":"230615"}
{"Name":"41.jpg","Hash":"QmcAHesqdR1hHgQ6t7wP8DvNSTTahaTKFGE7266En56Fgp","Size":"12578"}
{"Name":"42.jpg","Hash":"QmdQx6fdub3ruccL8ZBcaGL6EFxWb1uVnGsgAKzUKcJKLY","Size":"48270"}
{"Name":"43.jpg","Hash":"QmVKmLbfxV4StgZXFMsKqkHGVFRen7femMNRkeoBkjkoGq","Size":"73583"}
{"Name":"44.png","Hash":"QmRsjVbXDsNELpwgDKt9omq4f9bu3dw6JnPHCmeAb5gRCK","Size":"25482"}
{"Name":"45.png","Hash":"QmRsjVbXDsNELpwgDKt9omq4f9bu3dw6JnPHCmeAb5gRCK","Size":"25482"}
{"Name":"46.png","Hash":"QmRQFoYawYLE82GuVSsmowMPKqRBtu2hqWazpb7SD5VStc","Size":"13462"}
{"Name":"47.png","Hash":"QmaQ5WzPJPeKi3ZUVDZxqwRpRhLy6gos5LNSQR3NiP3epL","Size":"7006"}
{"Name":"48","Hash":"QmXrpukaScLbxwXQjvnBaEoVw1Z39oeNbB8FBfuNuHeBMy","Size":"64640"}
{"Name":"49","Hash":"Qmd9AuGrEVyii9qcv5Eyk9bosMHGMtN8ZFX1aGQami1TK5","Size":"72429"}
{"Name":"50.jpg","Hash":"QmcNTr5gpYjJcH2HYvuxef292HnpRo8ArCVF5E9AQt2eUP","Size":"1377789"}
{"Name":"51.jpg","Hash":"QmcNTr5gpYjJcH2HYvuxef292HnpRo8ArCVF5E9AQt2eUP","Size":"1377789"}
{"Name":"52.jpg","Hash":"QmXT4Bmwz2YZKBpwuW2Fguvxu5azEQKf9Ns6xD4hFWPWuT","Size":"9623"}
{"Name":"53.jpg","Hash":"QmcSyH5w3xsSmwJaHjL32GaD2WERkjm5xexqc8zntCzn5P","Size":"38813"}
{"Name":"54.jpg","Hash":"QmeiPu1VDBDBSEv788HyQkxvMwf1qW5FNcG5HdTXL4ZvTx","Size":"59024"}
{"Name":"55.jpg","Hash":"QmNdLo5r5BrSdT3MMGG32dnXGzmAxuvRoKqxXBb9kFPcCb","Size":"6690736"}
{"Name":"56.jpg","Hash":"QmNdLo5r5BrSdT3MMGG32dnXGzmAxuvRoKqxXBb9kFPcCb","Size":"6690736"}
{"Name":"57.jpg","Hash":"QmNQfoMJbHdZSoueNWh5YX6YFJ7PGth9ABcG7i4ffTW239","Size":"19747"}
{"Name":"58.jpg","Hash":"QmSiTfWvsCy8a4F1i4FNnRi29oNFoE2swiS2ew9pGbvd9m","Size":"108293"}
{"Name":"59.jpg","Hash":"QmcqY82DiHjTAF4pKMcsL7vytfbeb38VvMLnFgtwWmyqrr","Size":"181999"}
{"Name":"60.jpg","Hash":"QmZhz4vDeRjovUWoe74hsfp5yTUikch2mBED8bkt1rCARx","Size":"2980919"}
{"Name":"61.jpg","Hash":"QmZhz4vDeRjovUWoe74hsfp5yTUikch2mBED8bkt1rCARx","Size":"2980919"}
{"Name":"62.jpg","Hash":"QmT7hEbCKzcE1q6ZzeqMoyAak6GB4nFEdwhJZJBY4H2D68","Size":"14779"}
{"Name":"63.jpg","Hash":"Qmc1QvmcHm41UE9fQx2Ym5cURDKzc6ZpXrHf5DDYhLf8NH","Size":"61602"}
{"Name":"64.jpg","Hash":"QmYFUup9FtjeXXosDAK2rrntjjGy2B3RgshL9JANve8AXr","Size":"99782"}
{"Name":"65","Hash":"QmXrpukaScLbxwXQjvnBaEoVw1Z39oeNbB8FBfuNuHeBMy","Size":"64640"}
{"Name":"66.png","Hash":"QmXjbrR2oJ5MM7mX9xHfbmS39xKhDEYgJN9Txjmyt9z979","Size":"838515"}
{"Name":"67.png","Hash":"QmXjbrR2oJ5MM7mX9xHfbmS39xKhDEYgJN9Txjmyt9z979","Size":"838515"}
{"Name":"68.png","Hash":"QmcawdzTdbEcJNbq3VwcFTzgduu1SU9gNpJNdAi9L5NRiM","Size":"12640"}
{"Name":"69.png","Hash":"QmdLy3YCTnvUKx7sDahnX6G5cMBeYPUmMtrXZL3LgY5Zmo","Size":"34935"}
{"Name":"70.png","Hash":"QmeMYPBkijemqikR8UCLHjCzJ89DKB1YiNrPhzk56BXJUm","Size":"120825"}
{"Name":"71.png","Hash":"QmPc7e49mHqyaRryK9drgra6eLCdVVGYLJokvHgNk4aXgV","Size":"114710"}
{"Name":"74.png","Hash":"QmaWiKc5pYxCpichDzLd7E8X2yEtTRk8GYGhMqx97zkLZD","Size":"35394"}
{"Name":"75","Hash":"QmRyMb8FnXsvd7gB7ZZEeFsKXQYfhTaq6yvD4uuGEAYYKi","Size":"69516"}
{"Name":"78","Hash":"Qmf5B4tmY1UeGWxCK8wYZw6Suf2yo3MYWCk2MriYmP7ypf","Size":"1860"}
{"Name":"79","Hash":"QmUM6SiRb1HFsyFoLXe33SwCJT3giKgyEYNgzgfWKySUmk","Size":"711"}
{"Name":"80","Hash":"QmbzvDsYzpcicxHQppYywBcLqQeECd9XEs8k4Q7Fbog9A1","Size":"843"}
{"Name":"81","Hash":"QmYdTMHNjFYS6b5yoj6W7VXCFcCBu6uPsEnurzKTdGbFQH","Size":"823"}
{"Name":"82","Hash":"QmNbHnCQJpvXnM76MpzXFUUAUMKrvaoTGFWbYbMcT4Ria5","Size":"51"}
{"Name":"83","Hash":"QmQVpTq8MDAwKcAHPf8eqCd5YdfNC2G7oSi21apZV6uS71","Size":"3817"}
{"Name":"84.js","Hash":"Qmd9KLk9fvY6ZgFavSAcP3rzyr1h4tYZ43FKjtNa6ojcyR","Size":"1410"}
{"Name":"85.js","Hash":"QmXqCiSwgCP5UiwSVXGzrf3cfLfu2nFXzVNWLcyEPwpgjE","Size":"694"}
{"Name":"86.js","Hash":"QmbZ24c6iT7ZhMn88kEaGZJfT8shstkJqhKCgDeZNBCThR","Size":"3765"}
{"Name":"87.js","Hash":"QmfVpWm517Mgxueb5atYEVygjtBXwj79u8BmMFQJUoCA5u","Size":"7693"}
{"Name":"88.js","Hash":"QmZzGSLde4q5Un6g1FYm9gtxQBrdq79ytuDzuoCjG17p9d","Size":"5847"}
{"Name":"89.js","Hash":"QmRmfUACFSiUaJPrPFWSUNZZ2PvcWtbERmdGy6i9dSYG8M","Size":"1409"}
{"Name":"90.js","Hash":"QmNwe2U23oxCNggmWP8gBrPT5axdPB7reSFtvxaqpDYMrM","Size":"6538"}
{"Name":"91.js","Hash":"QmVqtn9BH8BE1n5N85w2SXrQcragihaudevxXUmLsPZ6s7","Size":"9208"}
{"Name":"92.js","Hash":"QmUJ6mxejwWWJy9F1QvvvPtzTLR1579Z3byfz9ongnsnXq","Size":"12209"}
{"Name":"93.js","Hash":"QmRmZpsvfUWwvsmxi39qqkS6ZG2pxrPYH3XBS2xZF5Qmhs","Size":"86880"}
{"Name":"","Hash":"QmexQ6FT9mgrehqV33ooVCxcsUqpbu16ccUPJysenhStoe","Size":"26563098"}
";
Hash: QmexQ6FT9mgrehqV33ooVCxcsUqpbu16ccUPJysenhStoe
updating Hash table.
Finished Save
Revision
Getting Hash: QmexQ6FT9mgrehqV33ooVCxcsUqpbu16ccUPJysenhStoe
Cache Path: /volume1/web/wordpress/wp-content/plugins/ipfs-bridge/cache/110/
CachePath Exsists
POST STATUS: publish Post Type: nav_menu_item
Cache Path: /volume1/web/wordpress/wp-content/plugins/ipfs-bridge/cache/111/
CachePath Exsists
POST STATUS: publish Post Type: nav_menu_item
Cache Path: /volume1/web/wordpress/wp-content/plugins/ipfs-bridge/cache/109/
CachePath Exsists
POST STATUS: publish Post Type: nav_menu_item
Cache Path: /volume1/web/wordpress/wp-content/plugins/ipfs-bridge/cache/112/
CachePath Exsists
POST STATUS: publish Post Type: nav_menu_item
Cache Path: /volume1/web/wordpress/wp-content/plugins/ipfs-bridge/cache/113/
CachePath Exsists
POST STATUS: publish Post Type: nav_menu_item
Cache Path: /volume1/web/wordpress/wp-content/plugins/ipfs-bridge/cache/114/
CachePath Exsists
POST STATUS: publish Post Type: nav_menu_item
Getting Hash: QmexQ6FT9mgrehqV33ooVCxcsUqpbu16ccUPJysenhStoe
Getting Hash: QmexQ6FT9mgrehqV33ooVCxcsUqpbu16ccUPJysenhStoe
Getting Hash: QmexQ6FT9mgrehqV33ooVCxcsUqpbu16ccUPJysenhStoe
Cache Path: /volume1/web/wordpress/wp-content/plugins/ipfs-bridge/cache/110/
CachePath Exsists
POST STATUS: publish Post Type: nav_menu_item
Cache Path: /volume1/web/wordpress/wp-content/plugins/ipfs-bridge/cache/111/
CachePath Exsists
POST STATUS: publish Post Type: nav_menu_item
Cache Path: /volume1/web/wordpress/wp-content/plugins/ipfs-bridge/cache/109/
CachePath Exsists
POST STATUS: publish Post Type: nav_menu_item
Cache Path: /volume1/web/wordpress/wp-content/plugins/ipfs-bridge/cache/112/
CachePath Exsists
POST STATUS: publish Post Type: nav_menu_item
Cache Path: /volume1/web/wordpress/wp-content/plugins/ipfs-bridge/cache/113/
CachePath Exsists
POST STATUS: publish Post Type: nav_menu_item
Cache Path: /volume1/web/wordpress/wp-content/plugins/ipfs-bridge/cache/114/
CachePath Exsists
POST STATUS: publish Post Type: nav_menu_item
Getting Hash: QmexQ6FT9mgrehqV33ooVCxcsUqpbu16ccUPJysenhStoe
Getting Hash: QmexQ6FT9mgrehqV33ooVCxcsUqpbu16ccUPJysenhStoe
Getting Hash: QmexQ6FT9mgrehqV33ooVCxcsUqpbu16ccUPJysenhStoe
Getting Hash: QmexQ6FT9mgrehqV33ooVCxcsUqpbu16ccUPJysenhStoe
Getting Hash: QmexQ6FT9mgrehqV33ooVCxcsUqpbu16ccUPJysenhStoe
Getting Hash: QmexQ6FT9mgrehqV33ooVCxcsUqpbu16ccUPJysenhStoe
Output: s:794:"{"ID":"QmcGi4eZta6tujE1o5p4n6rmcU5gRUuo922cbq3ZdZrFXM","PublicKey":"CAASpgIwggEiMA0GCSqGSIb3DQEBAQUAA4IBDwAwggEKAoIBAQC3TZ9Z1bFCwzFqnYKWnxnIxFPll3pVKI/7SYLdISo/3zB58dmpcxkyat1Hab1r+5O7EBb2w4sOLMT6RMA+ljOLk261uACxIY9YyH7nAsgZ6VHBENbT47KaWXNKuSI/FLKehkURMopDWDUviCTmn1lpmL14O3V7OKq05PtKZMT5Hitg4aJx3vGyGL34KLFHcsH4UhAR5qSuruYTYTClACmZDh6C4VED/kavA1p48A9B5SDFB5Dn44Wv/av/tJoBqYrbXIfB36/Jt0FMjea47ChqrllCHTJGvTiMFaNhQAuyOV7N+0FflAHCW373xuORSocSrsYo7JudJDqsCn4E9jzFAgMBAAE=","Addresses":["/ip4/127.0.0.1/tcp/4001/ipfs/QmcGi4eZta6tujE1o5p4n6rmcU5gRUuo922cbq3ZdZrFXM","/ip4/172.27.0.2/tcp/4001/ipfs/QmcGi4eZta6tujE1o5p4n6rmcU5gRUuo922cbq3ZdZrFXM","/ip4/24.144.60.29/tcp/4001/ipfs/QmcGi4eZta6tujE1o5p4n6rmcU5gRUuo922cbq3ZdZrFXM"],"AgentVersion":"go-ipfs/0.4.13/3b16b74","ProtocolVersion":"ipfs/0.1.0"}
";
Active Tab = KeyManager
Output: s:162:"{"Keys":[{"Name":"self","Id":"QmcGi4eZta6tujE1o5p4n6rmcU5gRUuo922cbq3ZdZrFXM"},{"Name":"jefflubbers_com","Id":"QmQrnrBzCJ7CiL5FKqgXHQf8rCdU2vZEhJAYb8Yr2u27n9"}]}
";
Active Tab = main_settings
Output: s:794:"{"ID":"QmcGi4eZta6tujE1o5p4n6rmcU5gRUuo922cbq3ZdZrFXM","PublicKey":"CAASpgIwggEiMA0GCSqGSIb3DQEBAQUAA4IBDwAwggEKAoIBAQC3TZ9Z1bFCwzFqnYKWnxnIxFPll3pVKI/7SYLdISo/3zB58dmpcxkyat1Hab1r+5O7EBb2w4sOLMT6RMA+ljOLk261uACxIY9YyH7nAsgZ6VHBENbT47KaWXNKuSI/FLKehkURMopDWDUviCTmn1lpmL14O3V7OKq05PtKZMT5Hitg4aJx3vGyGL34KLFHcsH4UhAR5qSuruYTYTClACmZDh6C4VED/kavA1p48A9B5SDFB5Dn44Wv/av/tJoBqYrbXIfB36/Jt0FMjea47ChqrllCHTJGvTiMFaNhQAuyOV7N+0FflAHCW373xuORSocSrsYo7JudJDqsCn4E9jzFAgMBAAE=","Addresses":["/ip4/127.0.0.1/tcp/4001/ipfs/QmcGi4eZta6tujE1o5p4n6rmcU5gRUuo922cbq3ZdZrFXM","/ip4/172.27.0.2/tcp/4001/ipfs/QmcGi4eZta6tujE1o5p4n6rmcU5gRUuo922cbq3ZdZrFXM","/ip4/24.144.60.29/tcp/4001/ipfs/QmcGi4eZta6tujE1o5p4n6rmcU5gRUuo922cbq3ZdZrFXM"],"AgentVersion":"go-ipfs/0.4.13/3b16b74","ProtocolVersion":"ipfs/0.1.0"}
";
Active Tab = main_settings
Output: s:794:"{"ID":"QmcGi4eZta6tujE1o5p4n6rmcU5gRUuo922cbq3ZdZrFXM","PublicKey":"CAASpgIwggEiMA0GCSqGSIb3DQEBAQUAA4IBDwAwggEKAoIBAQC3TZ9Z1bFCwzFqnYKWnxnIxFPll3pVKI/7SYLdISo/3zB58dmpcxkyat1Hab1r+5O7EBb2w4sOLMT6RMA+ljOLk261uACxIY9YyH7nAsgZ6VHBENbT47KaWXNKuSI/FLKehkURMopDWDUviCTmn1lpmL14O3V7OKq05PtKZMT5Hitg4aJx3vGyGL34KLFHcsH4UhAR5qSuruYTYTClACmZDh6C4VED/kavA1p48A9B5SDFB5Dn44Wv/av/tJoBqYrbXIfB36/Jt0FMjea47ChqrllCHTJGvTiMFaNhQAuyOV7N+0FflAHCW373xuORSocSrsYo7JudJDqsCn4E9jzFAgMBAAE=","Addresses":["/ip4/127.0.0.1/tcp/4001/ipfs/QmcGi4eZta6tujE1o5p4n6rmcU5gRUuo922cbq3ZdZrFXM","/ip4/172.27.0.2/tcp/4001/ipfs/QmcGi4eZta6tujE1o5p4n6rmcU5gRUuo922cbq3ZdZrFXM","/ip4/24.144.60.29/tcp/4001/ipfs/QmcGi4eZta6tujE1o5p4n6rmcU5gRUuo922cbq3ZdZrFXM"],"AgentVersion":"go-ipfs/0.4.13/3b16b74","ProtocolVersion":"ipfs/0.1.0"}
";
Getting Hash: QmexQ6FT9mgrehqV33ooVCxcsUqpbu16ccUPJysenhStoe
Getting Hash: QmexQ6FT9mgrehqV33ooVCxcsUqpbu16ccUPJysenhStoe
Getting Hash: QmexQ6FT9mgrehqV33ooVCxcsUqpbu16ccUPJysenhStoe
Active Tab = main_settings
Output: s:794:"{"ID":"QmcGi4eZta6tujE1o5p4n6rmcU5gRUuo922cbq3ZdZrFXM","PublicKey":"CAASpgIwggEiMA0GCSqGSIb3DQEBAQUAA4IBDwAwggEKAoIBAQC3TZ9Z1bFCwzFqnYKWnxnIxFPll3pVKI/7SYLdISo/3zB58dmpcxkyat1Hab1r+5O7EBb2w4sOLMT6RMA+ljOLk261uACxIY9YyH7nAsgZ6VHBENbT47KaWXNKuSI/FLKehkURMopDWDUviCTmn1lpmL14O3V7OKq05PtKZMT5Hitg4aJx3vGyGL34KLFHcsH4UhAR5qSuruYTYTClACmZDh6C4VED/kavA1p48A9B5SDFB5Dn44Wv/av/tJoBqYrbXIfB36/Jt0FMjea47ChqrllCHTJGvTiMFaNhQAuyOV7N+0FflAHCW373xuORSocSrsYo7JudJDqsCn4E9jzFAgMBAAE=","Addresses":["/ip4/127.0.0.1/tcp/4001/ipfs/QmcGi4eZta6tujE1o5p4n6rmcU5gRUuo922cbq3ZdZrFXM","/ip4/172.27.0.2/tcp/4001/ipfs/QmcGi4eZta6tujE1o5p4n6rmcU5gRUuo922cbq3ZdZrFXM","/ip4/24.144.60.29/tcp/4001/ipfs/QmcGi4eZta6tujE1o5p4n6rmcU5gRUuo922cbq3ZdZrFXM"],"AgentVersion":"go-ipfs/0.4.13/3b16b74","ProtocolVersion":"ipfs/0.1.0"}
";
Active Tab = main_settings
Output: s:794:"{"ID":"QmcGi4eZta6tujE1o5p4n6rmcU5gRUuo922cbq3ZdZrFXM","PublicKey":"CAASpgIwggEiMA0GCSqGSIb3DQEBAQUAA4IBDwAwggEKAoIBAQC3TZ9Z1bFCwzFqnYKWnxnIxFPll3pVKI/7SYLdISo/3zB58dmpcxkyat1Hab1r+5O7EBb2w4sOLMT6RMA+ljOLk261uACxIY9YyH7nAsgZ6VHBENbT47KaWXNKuSI/FLKehkURMopDWDUviCTmn1lpmL14O3V7OKq05PtKZMT5Hitg4aJx3vGyGL34KLFHcsH4UhAR5qSuruYTYTClACmZDh6C4VED/kavA1p48A9B5SDFB5Dn44Wv/av/tJoBqYrbXIfB36/Jt0FMjea47ChqrllCHTJGvTiMFaNhQAuyOV7N+0FflAHCW373xuORSocSrsYo7JudJDqsCn4E9jzFAgMBAAE=","Addresses":["/ip4/127.0.0.1/tcp/4001/ipfs/QmcGi4eZta6tujE1o5p4n6rmcU5gRUuo922cbq3ZdZrFXM","/ip4/172.27.0.2/tcp/4001/ipfs/QmcGi4eZta6tujE1o5p4n6rmcU5gRUuo922cbq3ZdZrFXM","/ip4/24.144.60.29/tcp/4001/ipfs/QmcGi4eZta6tujE1o5p4n6rmcU5gRUuo922cbq3ZdZrFXM"],"AgentVersion":"go-ipfs/0.4.13/3b16b74","ProtocolVersion":"ipfs/0.1.0"}
";
Getting Hash: QmexQ6FT9mgrehqV33ooVCxcsUqpbu16ccUPJysenhStoe
Active Tab = main_settings
Output: s:794:"{"ID":"QmcGi4eZta6tujE1o5p4n6rmcU5gRUuo922cbq3ZdZrFXM","PublicKey":"CAASpgIwggEiMA0GCSqGSIb3DQEBAQUAA4IBDwAwggEKAoIBAQC3TZ9Z1bFCwzFqnYKWnxnIxFPll3pVKI/7SYLdISo/3zB58dmpcxkyat1Hab1r+5O7EBb2w4sOLMT6RMA+ljOLk261uACxIY9YyH7nAsgZ6VHBENbT47KaWXNKuSI/FLKehkURMopDWDUviCTmn1lpmL14O3V7OKq05PtKZMT5Hitg4aJx3vGyGL34KLFHcsH4UhAR5qSuruYTYTClACmZDh6C4VED/kavA1p48A9B5SDFB5Dn44Wv/av/tJoBqYrbXIfB36/Jt0FMjea47ChqrllCHTJGvTiMFaNhQAuyOV7N+0FflAHCW373xuORSocSrsYo7JudJDqsCn4E9jzFAgMBAAE=","Addresses":["/ip4/127.0.0.1/tcp/4001/ipfs/QmcGi4eZta6tujE1o5p4n6rmcU5gRUuo922cbq3ZdZrFXM","/ip4/172.27.0.2/tcp/4001/ipfs/QmcGi4eZta6tujE1o5p4n6rmcU5gRUuo922cbq3ZdZrFXM","/ip4/24.144.60.29/tcp/4001/ipfs/QmcGi4eZta6tujE1o5p4n6rmcU5gRUuo922cbq3ZdZrFXM"],"AgentVersion":"go-ipfs/0.4.13/3b16b74","ProtocolVersion":"ipfs/0.1.0"}
";
